<?xml version="1.0" encoding="UTF-8"?>
<coverage generated="1702360943946" clover="3.2.0">
  <project timestamp="1702360943946" name="All files">
    <metrics statements="76" coveredstatements="75" conditionals="46" coveredconditionals="43" methods="20" coveredmethods="20" elements="142" coveredelements="138" complexity="0" loc="76" ncloc="76" packages="1" files="3" classes="3"/>
    <file name="createPxReplace.ts" path="D:\StudyDemo\postcss-plugin-px2rem-ts\src\createPxReplace.ts">
      <metrics statements="13" coveredstatements="13" conditionals="7" coveredconditionals="7" methods="3" coveredmethods="3"/>
      <line num="1" count="1" type="stmt"/>
      <line num="2" count="47" type="stmt"/>
      <line num="3" count="47" type="stmt"/>
      <line num="4" count="47" type="stmt"/>
      <line num="7" count="61" type="stmt"/>
      <line num="8" count="58" type="cond" truecount="1" falsecount="0"/>
      <line num="9" count="53" type="cond" truecount="3" falsecount="0"/>
      <line num="10" count="49" type="stmt"/>
      <line num="11" count="49" type="cond" truecount="1" falsecount="0"/>
      <line num="13" count="47" type="cond" truecount="2" falsecount="0"/>
      <line num="14" count="47" type="stmt"/>
      <line num="15" count="47" type="stmt"/>
      <line num="18" count="1" type="stmt"/>
    </file>
    <file name="generateRegex.ts" path="D:\StudyDemo\postcss-plugin-px2rem-ts\src\generateRegex.ts">
      <metrics statements="17" coveredstatements="17" conditionals="6" coveredconditionals="6" methods="2" coveredmethods="2"/>
      <line num="3" count="1" type="stmt"/>
      <line num="4" count="8" type="stmt"/>
      <line num="5" count="8" type="stmt"/>
      <line num="6" count="8" type="stmt"/>
      <line num="7" count="8" type="stmt"/>
      <line num="9" count="8" type="stmt"/>
      <line num="12" count="1" type="stmt"/>
      <line num="13" count="61" type="cond" truecount="2" falsecount="0"/>
      <line num="14" count="61" type="stmt"/>
      <line num="15" count="61" type="stmt"/>
      <line num="16" count="61" type="stmt"/>
      <line num="17" count="61" type="cond" truecount="4" falsecount="0"/>
      <line num="18" count="8" type="stmt"/>
      <line num="19" count="8" type="stmt"/>
      <line num="20" count="8" type="stmt"/>
      <line num="22" count="53" type="stmt"/>
      <line num="24" count="61" type="stmt"/>
    </file>
    <file name="index.ts" path="D:\StudyDemo\postcss-plugin-px2rem-ts\src\index.ts">
      <metrics statements="46" coveredstatements="45" conditionals="33" coveredconditionals="30" methods="15" coveredmethods="15"/>
      <line num="5" count="1" type="stmt"/>
      <line num="6" count="1" type="stmt"/>
      <line num="22" count="1" type="stmt"/>
      <line num="35" count="47" type="stmt"/>
      <line num="36" count="127" type="cond" truecount="2" falsecount="0"/>
      <line num="39" count="1" type="stmt"/>
      <line num="40" count="51" type="cond" truecount="0" falsecount="1"/>
      <line num="42" count="51" type="stmt"/>
      <line num="43" count="10" type="cond" truecount="1" falsecount="0"/>
      <line num="45" count="3" type="stmt"/>
      <line num="49" count="1" type="stmt"/>
      <line num="50" count="53" type="cond" truecount="0" falsecount="1"/>
      <line num="52" count="53" type="stmt"/>
      <line num="53" count="1" type="cond" truecount="1" falsecount="0"/>
      <line num="55" count="0" type="stmt"/>
      <line num="61" count="34" type="cond" truecount="4" falsecount="0"/>
      <line num="64" count="36" type="cond" truecount="4" falsecount="0"/>
      <line num="66" count="23" type="stmt"/>
      <line num="73" count="1" type="stmt"/>
      <line num="74" count="26" type="stmt"/>
      <line num="77" count="27" type="stmt"/>
      <line num="78" count="27" type="stmt"/>
      <line num="79" count="27" type="cond" truecount="3" falsecount="0"/>
      <line num="80" count="23" type="stmt"/>
      <line num="82" count="27" type="cond" truecount="4" falsecount="0"/>
      <line num="83" count="26" type="stmt"/>
      <line num="84" count="61" type="stmt"/>
      <line num="85" count="61" type="stmt"/>
      <line num="86" count="61" type="cond" truecount="1" falsecount="0"/>
      <line num="87" count="26" type="cond" truecount="1" falsecount="0"/>
      <line num="88" count="2" type="stmt"/>
      <line num="89" count="2" type="stmt"/>
      <line num="90" count="2" type="cond" truecount="0" falsecount="1"/>
      <line num="91" count="2" type="stmt"/>
      <line num="94" count="26" type="stmt"/>
      <line num="96" count="61" type="stmt"/>
      <line num="99" count="61" type="cond" truecount="1" falsecount="0"/>
      <line num="101" count="53" type="cond" truecount="1" falsecount="0"/>
      <line num="103" count="52" type="cond" truecount="3" falsecount="0"/>
      <line num="105" count="51" type="cond" truecount="1" falsecount="0"/>
      <line num="107" count="47" type="stmt"/>
      <line num="110" count="47" type="cond" truecount="1" falsecount="0"/>
      <line num="112" count="40" type="cond" truecount="2" falsecount="0"/>
      <line num="113" count="39" type="stmt"/>
      <line num="115" count="1" type="stmt"/>
      <line num="124" count="1" type="stmt"/>
    </file>
  </project>
</coverage>
