{"D:\\StudyDemo\\postcss-plugin-px2rem-ts\\src\\createPxReplace.ts": {"path":"D:\\StudyDemo\\postcss-plugin-px2rem-ts\\src\\createPxReplace.ts","statementMap":{"0":{"start":{"line":1,"column":16},"end":{"line":5,"column":1}},"1":{"start":{"line":2,"column":21},"end":{"line":2,"column":48}},"2":{"start":{"line":3,"column":22},"end":{"line":3,"column":53}},"3":{"start":{"line":4,"column":2},"end":{"line":4,"column":56}},"4":{"start":{"line":7,"column":24},"end":{"line":7,"column":139}},"5":{"start":{"line":7,"column":138},"end":{"line":16,"column":2}},"6":{"start":{"line":8,"column":2},"end":{"line":8,"column":20}},"7":{"start":{"line":8,"column":11},"end":{"line":8,"column":20}},"8":{"start":{"line":9,"column":2},"end":{"line":9,"column":82}},"9":{"start":{"line":9,"column":49},"end":{"line":9,"column":82}},"10":{"start":{"line":10,"column":17},"end":{"line":10,"column":31}},"11":{"start":{"line":11,"column":2},"end":{"line":11,"column":39}},"12":{"start":{"line":11,"column":30},"end":{"line":11,"column":39}},"13":{"start":{"line":13,"column":20},"end":{"line":13,"column":79}},"14":{"start":{"line":14,"column":19},"end":{"line":14,"column":63}},"15":{"start":{"line":15,"column":2},"end":{"line":15,"column":26}},"16":{"start":{"line":18,"column":0},"end":{"line":18,"column":null}}},"fnMap":{"0":{"name":"(anonymous_0)","decl":{"start":{"line":1,"column":16},"end":{"line":1,"column":17}},"loc":{"start":{"line":1,"column":50},"end":{"line":5,"column":1}}},"1":{"name":"(anonymous_1)","decl":{"start":{"line":7,"column":24},"end":{"line":7,"column":25}},"loc":{"start":{"line":7,"column":133},"end":{"line":7,"column":139}}},"2":{"name":"(anonymous_2)","decl":{"start":{"line":7,"column":138},"end":{"line":7,"column":139}},"loc":{"start":{"line":7,"column":172},"end":{"line":16,"column":1}}}},"branchMap":{"0":{"loc":{"start":{"line":8,"column":2},"end":{"line":8,"column":20}},"type":"if","locations":[{"start":{"line":8,"column":2},"end":{"line":8,"column":20}}]},"1":{"loc":{"start":{"line":9,"column":2},"end":{"line":9,"column":82}},"type":"if","locations":[{"start":{"line":9,"column":2},"end":{"line":9,"column":82}}]},"2":{"loc":{"start":{"line":9,"column":6},"end":{"line":9,"column":47}},"type":"binary-expr","locations":[{"start":{"line":9,"column":6},"end":{"line":9,"column":16}},{"start":{"line":9,"column":20},"end":{"line":9,"column":47}}]},"3":{"loc":{"start":{"line":11,"column":2},"end":{"line":11,"column":39}},"type":"if","locations":[{"start":{"line":11,"column":2},"end":{"line":11,"column":39}}]},"4":{"loc":{"start":{"line":13,"column":20},"end":{"line":13,"column":79}},"type":"cond-expr","locations":[{"start":{"line":13,"column":54},"end":{"line":13,"column":67}},{"start":{"line":13,"column":70},"end":{"line":13,"column":79}}]}},"s":{"0":1,"1":47,"2":47,"3":47,"4":1,"5":61,"6":58,"7":5,"8":53,"9":4,"10":49,"11":49,"12":2,"13":47,"14":47,"15":47,"16":1},"f":{"0":47,"1":61,"2":58},"b":{"0":[5],"1":[4],"2":[53,8],"3":[2],"4":[9,38]}}
,"D:\\StudyDemo\\postcss-plugin-px2rem-ts\\src\\generateRegex.ts": {"path":"D:\\StudyDemo\\postcss-plugin-px2rem-ts\\src\\generateRegex.ts","statementMap":{"0":{"start":{"line":3,"column":35},"end":{"line":10,"column":1}},"1":{"start":{"line":4,"column":22},"end":{"line":4,"column":32}},"2":{"start":{"line":5,"column":20},"end":{"line":5,"column":52}},"3":{"start":{"line":6,"column":2},"end":{"line":6,"column":35}},"4":{"start":{"line":7,"column":18},"end":{"line":7,"column":95}},"5":{"start":{"line":9,"column":2},"end":{"line":9,"column":35}},"6":{"start":{"line":12,"column":0},"end":{"line":25,"column":null}},"7":{"start":{"line":13,"column":13},"end":{"line":13,"column":94}},"8":{"start":{"line":14,"column":18},"end":{"line":14,"column":76}},"9":{"start":{"line":15,"column":16},"end":{"line":15,"column":41}},"10":{"start":{"line":16,"column":19},"end":{"line":16,"column":40}},"11":{"start":{"line":17,"column":2},"end":{"line":23,"column":3}},"12":{"start":{"line":18,"column":4},"end":{"line":18,"column":48}},"13":{"start":{"line":19,"column":4},"end":{"line":19,"column":24}},"14":{"start":{"line":20,"column":4},"end":{"line":20,"column":59}},"15":{"start":{"line":22,"column":4},"end":{"line":22,"column":23}},"16":{"start":{"line":24,"column":2},"end":{"line":24,"column":null}}},"fnMap":{"0":{"name":"(anonymous_0)","decl":{"start":{"line":3,"column":35},"end":{"line":3,"column":36}},"loc":{"start":{"line":3,"column":68},"end":{"line":10,"column":1}}},"1":{"name":"(anonymous_1)","decl":{"start":{"line":12,"column":15},"end":{"line":12,"column":16}},"loc":{"start":{"line":12,"column":29},"end":{"line":25,"column":1}}}},"branchMap":{"0":{"loc":{"start":{"line":13,"column":13},"end":{"line":13,"column":94}},"type":"cond-expr","locations":[{"start":{"line":13,"column":50},"end":{"line":13,"column":87}},{"start":{"line":13,"column":90},"end":{"line":13,"column":94}}]},"1":{"loc":{"start":{"line":17,"column":2},"end":{"line":23,"column":3}},"type":"if","locations":[{"start":{"line":17,"column":2},"end":{"line":23,"column":3}},{"start":{"line":21,"column":9},"end":{"line":23,"column":3}}]},"2":{"loc":{"start":{"line":17,"column":6},"end":{"line":17,"column":50}},"type":"binary-expr","locations":[{"start":{"line":17,"column":6},"end":{"line":17,"column":16}},{"start":{"line":17,"column":20},"end":{"line":17,"column":50}}]}},"s":{"0":1,"1":8,"2":8,"3":8,"4":8,"5":8,"6":1,"7":61,"8":61,"9":61,"10":61,"11":61,"12":8,"13":8,"14":8,"15":53,"16":61},"f":{"0":8,"1":61},"b":{"0":[11,50],"1":[8,53],"2":[61,8]}}
,"D:\\StudyDemo\\postcss-plugin-px2rem-ts\\src\\index.ts": {"path":"D:\\StudyDemo\\postcss-plugin-px2rem-ts\\src\\index.ts","statementMap":{"0":{"start":{"line":5,"column":0},"end":{"line":5,"column":48}},"1":{"start":{"line":6,"column":0},"end":{"line":6,"column":44}},"2":{"start":{"line":22,"column":29},"end":{"line":33,"column":2}},"3":{"start":{"line":35,"column":26},"end":{"line":35,"column":82}},"4":{"start":{"line":35,"column":77},"end":{"line":37,"column":2}},"5":{"start":{"line":36,"column":2},"end":{"line":36,"column":null}},"6":{"start":{"line":39,"column":28},"end":{"line":47,"column":1}},"7":{"start":{"line":40,"column":2},"end":{"line":40,"column":49}},"8":{"start":{"line":40,"column":36},"end":{"line":40,"column":49}},"9":{"start":{"line":42,"column":2},"end":{"line":46,"column":5}},"10":{"start":{"line":43,"column":4},"end":{"line":43,"column":73}},"11":{"start":{"line":43,"column":35},"end":{"line":43,"column":73}},"12":{"start":{"line":45,"column":4},"end":{"line":45,"column":33}},"13":{"start":{"line":49,"column":24},"end":{"line":57,"column":1}},"14":{"start":{"line":50,"column":2},"end":{"line":50,"column":45}},"15":{"start":{"line":50,"column":32},"end":{"line":50,"column":45}},"16":{"start":{"line":52,"column":2},"end":{"line":56,"column":5}},"17":{"start":{"line":53,"column":4},"end":{"line":53,"column":69}},"18":{"start":{"line":53,"column":35},"end":{"line":53,"column":69}},"19":{"start":{"line":55,"column":4},"end":{"line":55,"column":29}},"20":{"start":{"line":61,"column":4},"end":{"line":61,"column":null}},"21":{"start":{"line":61,"column":119},"end":{"line":61,"column":157}},"22":{"start":{"line":64,"column":4},"end":{"line":64,"column":null}},"23":{"start":{"line":64,"column":49},"end":{"line":64,"column":51}},"24":{"start":{"line":64,"column":56},"end":{"line":64,"column":57}},"25":{"start":{"line":64,"column":64},"end":{"line":64,"column":169}},"26":{"start":{"line":64,"column":170},"end":{"line":64,"column":182}},"27":{"start":{"line":66,"column":2},"end":{"line":67,"column":null}},"28":{"start":{"line":73,"column":15},"end":{"line":122,"column":1}},"29":{"start":{"line":74,"column":2},"end":{"line":121,"column":null}},"30":{"start":{"line":77,"column":33},"end":{"line":77,"column":37}},"31":{"start":{"line":78,"column":17},"end":{"line":78,"column":28}},"32":{"start":{"line":79,"column":6},"end":{"line":81,"column":7}},"33":{"start":{"line":80,"column":8},"end":{"line":80,"column":null}},"34":{"start":{"line":82,"column":6},"end":{"line":82,"column":112}},"35":{"start":{"line":82,"column":105},"end":{"line":82,"column":112}},"36":{"start":{"line":83,"column":6},"end":{"line":119,"column":9}},"37":{"start":{"line":84,"column":40},"end":{"line":84,"column":59}},"38":{"start":{"line":84,"column":26},"end":{"line":84,"column":28}},"39":{"start":{"line":84,"column":35},"end":{"line":84,"column":40}},"40":{"start":{"line":85,"column":26},"end":{"line":85,"column":119}},"41":{"start":{"line":86,"column":8},"end":{"line":95,"column":9}},"42":{"start":{"line":87,"column":10},"end":{"line":93,"column":11}},"43":{"start":{"line":88,"column":12},"end":{"line":92,"column":15}},"44":{"start":{"line":89,"column":28},"end":{"line":89,"column":32}},"45":{"start":{"line":90,"column":14},"end":{"line":90,"column":60}},"46":{"start":{"line":90,"column":53},"end":{"line":90,"column":60}},"47":{"start":{"line":91,"column":14},"end":{"line":91,"column":70}},"48":{"start":{"line":94,"column":10},"end":{"line":94,"column":null}},"49":{"start":{"line":96,"column":22},"end":{"line":96,"column":26}},"50":{"start":{"line":99,"column":8},"end":{"line":99,"column":53}},"51":{"start":{"line":99,"column":46},"end":{"line":99,"column":53}},"52":{"start":{"line":101,"column":8},"end":{"line":101,"column":68}},"53":{"start":{"line":101,"column":61},"end":{"line":101,"column":68}},"54":{"start":{"line":103,"column":8},"end":{"line":103,"column":95}},"55":{"start":{"line":103,"column":88},"end":{"line":103,"column":95}},"56":{"start":{"line":105,"column":8},"end":{"line":105,"column":96}},"57":{"start":{"line":105,"column":89},"end":{"line":105,"column":96}},"58":{"start":{"line":107,"column":22},"end":{"line":107,"column":61}},"59":{"start":{"line":110,"column":8},"end":{"line":110,"column":71}},"60":{"start":{"line":110,"column":64},"end":{"line":110,"column":71}},"61":{"start":{"line":112,"column":8},"end":{"line":118,"column":9}},"62":{"start":{"line":113,"column":10},"end":{"line":113,"column":30}},"63":{"start":{"line":115,"column":10},"end":{"line":117,"column":14}},"64":{"start":{"line":124,"column":0},"end":{"line":124,"column":null}}},"fnMap":{"0":{"name":"(anonymous_2)","decl":{"start":{"line":35,"column":26},"end":{"line":35,"column":27}},"loc":{"start":{"line":35,"column":72},"end":{"line":35,"column":82}}},"1":{"name":"(anonymous_3)","decl":{"start":{"line":35,"column":88},"end":{"line":35,"column":89}},"loc":{"start":{"line":35,"column":106},"end":{"line":36,"column":6}}},"2":{"name":"(anonymous_4)","decl":{"start":{"line":39,"column":28},"end":{"line":39,"column":29}},"loc":{"start":{"line":39,"column":77},"end":{"line":47,"column":1}}},"3":{"name":"(anonymous_5)","decl":{"start":{"line":42,"column":24},"end":{"line":42,"column":29}},"loc":{"start":{"line":42,"column":29},"end":{"line":46,"column":3}}},"4":{"name":"(anonymous_6)","decl":{"start":{"line":49,"column":24},"end":{"line":49,"column":25}},"loc":{"start":{"line":49,"column":69},"end":{"line":57,"column":1}}},"5":{"name":"(anonymous_7)","decl":{"start":{"line":52,"column":24},"end":{"line":52,"column":29}},"loc":{"start":{"line":52,"column":29},"end":{"line":56,"column":3}}},"6":{"name":"generateOptions","decl":{"start":{"line":59,"column":9},"end":{"line":59,"column":24}},"loc":{"start":{"line":59,"column":72},"end":{"line":69,"column":1}}},"7":{"name":"isRecordNumber","decl":{"start":{"line":60,"column":11},"end":{"line":60,"column":25}},"loc":{"start":{"line":60,"column":38},"end":{"line":62,"column":3}}},"8":{"name":"(anonymous_10)","decl":{"start":{"line":61,"column":110},"end":{"line":61,"column":111}},"loc":{"start":{"line":61,"column":114},"end":{"line":61,"column":127}}},"9":{"name":"innerFunc","decl":{"start":{"line":63,"column":11},"end":{"line":63,"column":20}},"loc":{"start":{"line":63,"column":45},"end":{"line":65,"column":3}}},"10":{"name":"(anonymous_12)","decl":{"start":{"line":64,"column":38},"end":{"line":64,"column":39}},"loc":{"start":{"line":64,"column":57},"end":{"line":64,"column":184}}},"11":{"name":"(anonymous_13)","decl":{"start":{"line":73,"column":15},"end":{"line":73,"column":16}},"loc":{"start":{"line":73,"column":52},"end":{"line":122,"column":1}}},"12":{"name":"(anonymous_14)","decl":{"start":{"line":76,"column":10},"end":{"line":76,"column":11}},"loc":{"start":{"line":76,"column":15},"end":{"line":120,"column":5}}},"13":{"name":"(anonymous_15)","decl":{"start":{"line":83,"column":21},"end":{"line":83,"column":22}},"loc":{"start":{"line":83,"column":29},"end":{"line":119,"column":7}}},"14":{"name":"(anonymous_16)","decl":{"start":{"line":88,"column":38},"end":{"line":88,"column":42}},"loc":{"start":{"line":88,"column":42},"end":{"line":92,"column":13}}}},"branchMap":{"0":{"loc":{"start":{"line":36,"column":2},"end":{"line":36,"column":44}},"type":"binary-expr","locations":[{"start":{"line":36,"column":2},"end":{"line":36,"column":20}},{"start":{"line":36,"column":24},"end":{"line":36,"column":44}}]},"1":{"loc":{"start":{"line":40,"column":2},"end":{"line":40,"column":49}},"type":"if","locations":[{"start":{"line":40,"column":2},"end":{"line":40,"column":49}}]},"2":{"loc":{"start":{"line":43,"column":4},"end":{"line":43,"column":73}},"type":"if","locations":[{"start":{"line":43,"column":4},"end":{"line":43,"column":73}}]},"3":{"loc":{"start":{"line":50,"column":2},"end":{"line":50,"column":45}},"type":"if","locations":[{"start":{"line":50,"column":2},"end":{"line":50,"column":45}}]},"4":{"loc":{"start":{"line":53,"column":4},"end":{"line":53,"column":69}},"type":"if","locations":[{"start":{"line":53,"column":4},"end":{"line":53,"column":69}}]},"5":{"loc":{"start":{"line":61,"column":11},"end":{"line":61,"column":157}},"type":"binary-expr","locations":[{"start":{"line":61,"column":11},"end":{"line":61,"column":34}},{"start":{"line":61,"column":38},"end":{"line":61,"column":50}},{"start":{"line":61,"column":54},"end":{"line":61,"column":83}},{"start":{"line":61,"column":87},"end":{"line":61,"column":157}}]},"6":{"loc":{"start":{"line":64,"column":76},"end":{"line":64,"column":168}},"type":"cond-expr","locations":[{"start":{"line":64,"column":106},"end":{"line":64,"column":117}},{"start":{"line":64,"column":120},"end":{"line":64,"column":168}}]},"7":{"loc":{"start":{"line":64,"column":120},"end":{"line":64,"column":168}},"type":"cond-expr","locations":[{"start":{"line":64,"column":144},"end":{"line":64,"column":160}},{"start":{"line":64,"column":163},"end":{"line":64,"column":168}}]},"8":{"loc":{"start":{"line":79,"column":6},"end":{"line":81,"column":7}},"type":"if","locations":[{"start":{"line":79,"column":6},"end":{"line":81,"column":7}}]},"9":{"loc":{"start":{"line":79,"column":10},"end":{"line":79,"column":54}},"type":"binary-expr","locations":[{"start":{"line":79,"column":10},"end":{"line":79,"column":17}},{"start":{"line":79,"column":21},"end":{"line":79,"column":54}}]},"10":{"loc":{"start":{"line":82,"column":6},"end":{"line":82,"column":112}},"type":"if","locations":[{"start":{"line":82,"column":6},"end":{"line":82,"column":112}}]},"11":{"loc":{"start":{"line":82,"column":10},"end":{"line":82,"column":103}},"type":"binary-expr","locations":[{"start":{"line":82,"column":10},"end":{"line":82,"column":22}},{"start":{"line":82,"column":26},"end":{"line":82,"column":48}},{"start":{"line":82,"column":52},"end":{"line":82,"column":103}}]},"12":{"loc":{"start":{"line":86,"column":8},"end":{"line":95,"column":9}},"type":"if","locations":[{"start":{"line":86,"column":8},"end":{"line":95,"column":9}}]},"13":{"loc":{"start":{"line":87,"column":10},"end":{"line":93,"column":11}},"type":"if","locations":[{"start":{"line":87,"column":10},"end":{"line":93,"column":11}}]},"14":{"loc":{"start":{"line":90,"column":14},"end":{"line":90,"column":60}},"type":"if","locations":[{"start":{"line":90,"column":14},"end":{"line":90,"column":60}}]},"15":{"loc":{"start":{"line":99,"column":8},"end":{"line":99,"column":53}},"type":"if","locations":[{"start":{"line":99,"column":8},"end":{"line":99,"column":53}}]},"16":{"loc":{"start":{"line":101,"column":8},"end":{"line":101,"column":68}},"type":"if","locations":[{"start":{"line":101,"column":8},"end":{"line":101,"column":68}}]},"17":{"loc":{"start":{"line":103,"column":8},"end":{"line":103,"column":95}},"type":"if","locations":[{"start":{"line":103,"column":8},"end":{"line":103,"column":95}}]},"18":{"loc":{"start":{"line":103,"column":12},"end":{"line":103,"column":86}},"type":"binary-expr","locations":[{"start":{"line":103,"column":12},"end":{"line":103,"column":37}},{"start":{"line":103,"column":41},"end":{"line":103,"column":86}}]},"19":{"loc":{"start":{"line":105,"column":8},"end":{"line":105,"column":96}},"type":"if","locations":[{"start":{"line":105,"column":8},"end":{"line":105,"column":96}}]},"20":{"loc":{"start":{"line":110,"column":8},"end":{"line":110,"column":71}},"type":"if","locations":[{"start":{"line":110,"column":8},"end":{"line":110,"column":71}}]},"21":{"loc":{"start":{"line":112,"column":8},"end":{"line":118,"column":9}},"type":"if","locations":[{"start":{"line":112,"column":8},"end":{"line":118,"column":9}},{"start":{"line":114,"column":15},"end":{"line":118,"column":9}}]}},"s":{"0":1,"1":1,"2":1,"3":1,"4":47,"5":127,"6":1,"7":51,"8":0,"9":51,"10":10,"11":7,"12":3,"13":1,"14":53,"15":0,"16":53,"17":1,"18":1,"19":0,"20":34,"21":15,"22":27,"23":36,"24":36,"25":36,"26":36,"27":23,"28":1,"29":26,"30":27,"31":27,"32":27,"33":23,"34":27,"35":1,"36":26,"37":61,"38":61,"39":61,"40":61,"41":61,"42":26,"43":2,"44":2,"45":2,"46":0,"47":2,"48":26,"49":61,"50":61,"51":8,"52":53,"53":1,"54":52,"55":1,"56":51,"57":4,"58":47,"59":47,"60":7,"61":40,"62":39,"63":1,"64":1},"f":{"0":47,"1":127,"2":51,"3":10,"4":53,"5":1,"6":23,"7":34,"8":15,"9":27,"10":36,"11":26,"12":27,"13":61,"14":2},"b":{"0":[127,48],"1":[0],"2":[7],"3":[0],"4":[1],"5":[34,17,17,11],"6":[2,34],"7":[4,30],"8":[23],"9":[27,23],"10":[1],"11":[27,2,2],"12":[26],"13":[2],"14":[0],"15":[8],"16":[1],"17":[1],"18":[52,2],"19":[4],"20":[7],"21":[39,1]}}
}
