TN:
SF:src\createPxReplace.ts
FN:1,(anonymous_0)
FN:7,(anonymous_1)
FN:7,(anonymous_2)
FNF:3
FNH:3
FNDA:47,(anonymous_0)
FNDA:61,(anonymous_1)
FNDA:58,(anonymous_2)
DA:1,1
DA:2,47
DA:3,47
DA:4,47
DA:7,61
DA:8,58
DA:9,53
DA:10,49
DA:11,49
DA:13,47
DA:14,47
DA:15,47
DA:18,1
LF:13
LH:13
BRDA:8,0,0,5
BRDA:9,1,0,4
BRDA:9,2,0,53
BRDA:9,2,1,8
BRDA:11,3,0,2
BRDA:13,4,0,9
BRDA:13,4,1,38
BRF:7
BRH:7
end_of_record
TN:
SF:src\generateRegex.ts
FN:3,(anonymous_0)
FN:12,(anonymous_1)
FNF:2
FNH:2
FNDA:8,(anonymous_0)
FNDA:61,(anonymous_1)
DA:3,1
DA:4,8
DA:5,8
DA:6,8
DA:7,8
DA:9,8
DA:12,1
DA:13,61
DA:14,61
DA:15,61
DA:16,61
DA:17,61
DA:18,8
DA:19,8
DA:20,8
DA:22,53
DA:24,61
LF:17
LH:17
BRDA:13,0,0,11
BRDA:13,0,1,50
BRDA:17,1,0,8
BRDA:17,1,1,53
BRDA:17,2,0,61
BRDA:17,2,1,8
BRF:6
BRH:6
end_of_record
TN:
SF:src\index.ts
FN:35,(anonymous_2)
FN:35,(anonymous_3)
FN:39,(anonymous_4)
FN:42,(anonymous_5)
FN:49,(anonymous_6)
FN:52,(anonymous_7)
FN:59,generateOptions
FN:60,isRecordNumber
FN:61,(anonymous_10)
FN:63,innerFunc
FN:64,(anonymous_12)
FN:73,(anonymous_13)
FN:76,(anonymous_14)
FN:83,(anonymous_15)
FN:88,(anonymous_16)
FNF:15
FNH:15
FNDA:47,(anonymous_2)
FNDA:127,(anonymous_3)
FNDA:51,(anonymous_4)
FNDA:10,(anonymous_5)
FNDA:53,(anonymous_6)
FNDA:1,(anonymous_7)
FNDA:23,generateOptions
FNDA:34,isRecordNumber
FNDA:15,(anonymous_10)
FNDA:27,innerFunc
FNDA:36,(anonymous_12)
FNDA:26,(anonymous_13)
FNDA:27,(anonymous_14)
FNDA:61,(anonymous_15)
FNDA:2,(anonymous_16)
DA:5,1
DA:6,1
DA:22,1
DA:35,47
DA:36,127
DA:39,1
DA:40,51
DA:42,51
DA:43,10
DA:45,3
DA:49,1
DA:50,53
DA:52,53
DA:53,1
DA:55,0
DA:61,34
DA:64,36
DA:66,23
DA:73,1
DA:74,26
DA:77,27
DA:78,27
DA:79,27
DA:80,23
DA:82,27
DA:83,26
DA:84,61
DA:85,61
DA:86,61
DA:87,26
DA:88,2
DA:89,2
DA:90,2
DA:91,2
DA:94,26
DA:96,61
DA:99,61
DA:101,53
DA:103,52
DA:105,51
DA:107,47
DA:110,47
DA:112,40
DA:113,39
DA:115,1
DA:124,1
LF:46
LH:45
BRDA:36,0,0,127
BRDA:36,0,1,48
BRDA:40,1,0,0
BRDA:43,2,0,7
BRDA:50,3,0,0
BRDA:53,4,0,1
BRDA:61,5,0,34
BRDA:61,5,1,17
BRDA:61,5,2,17
BRDA:61,5,3,11
BRDA:64,6,0,2
BRDA:64,6,1,34
BRDA:64,7,0,4
BRDA:64,7,1,30
BRDA:79,8,0,23
BRDA:79,9,0,27
BRDA:79,9,1,23
BRDA:82,10,0,1
BRDA:82,11,0,27
BRDA:82,11,1,2
BRDA:82,11,2,2
BRDA:86,12,0,26
BRDA:87,13,0,2
BRDA:90,14,0,0
BRDA:99,15,0,8
BRDA:101,16,0,1
BRDA:103,17,0,1
BRDA:103,18,0,52
BRDA:103,18,1,2
BRDA:105,19,0,4
BRDA:110,20,0,7
BRDA:112,21,0,39
BRDA:112,21,1,1
BRF:33
BRH:30
end_of_record
